<?xml version="1.0" encoding="UTF-8"?>
<!-- Generated by org.testng.reporters.JUnitReportReporter -->
<testsuite hostname="DESKTOP-NUJHNC9" failures="0" tests="3" name="logintest.InventoryTest" time="31.383" errors="0" timestamp="2025-06-05T00:33:10 IST" skipped="0">
  <testcase classname="logintest.InventoryTest" name="countProd" time="10.257"/>
  <testcase classname="logintest.InventoryTest" name="addClick" time="10.422"/>
  <testcase classname="logintest.InventoryTest" name="remClick" time="10.704"/>
</testsuite> <!-- logintest.InventoryTest -->
